<?xml version="1.0" encoding="UTF-8"?>
<!-- Generated by org.testng.reporters.JUnitReportReporter -->
<testsuite hostname="SSPL-E450-0049" failures="0" tests="5" name="Tests.Script" time="2.386" errors="0" timestamp="2020-06-03T10:54:39 IST" skipped="3">
  <testcase classname="Tests.Script" name="passLogin" time="1.554"/>
  <system-out/>
  <testcase classname="Tests.Script" name="changePassword" time="0.832"/>
  <system-out/>
  <testcase classname="Tests.Script" name="failLogin">
    <skipped/>
  </testcase> <!-- failLogin -->
  <system-out/>
  <testcase classname="Tests.Script" name="registration">
    <skipped/>
  </testcase> <!-- registration -->
  <system-out/>
  <testcase classname="Tests.Script" name="flightBooking">
    <skipped/>
  </testcase> <!-- flightBooking -->
  <system-out/>
</testsuite> <!-- Tests.Script -->
